This file contains any messages produced by compilers while
running configure, to aid debugging if configure makes a mistake.

It was created by GDFS configure 1.0.0, which was
generated by GNU Autoconf 2.69.  Invocation command line was

  $ ./configure 

## --------- ##
## Platform. ##
## --------- ##

hostname = linux-7yso.site
uname -m = x86_64
uname -r = 3.16.7-35-desktop
uname -s = Linux
uname -v = #1 SMP PREEMPT Sun Feb 7 17:32:21 UTC 2016 (832c776)

/usr/bin/uname -p = x86_64
/bin/uname -X     = unknown

/bin/arch              = x86_64
/usr/bin/arch -k       = unknown
/usr/convex/getsysinfo = unknown
/usr/bin/hostinfo      = unknown
/bin/machine           = unknown
/usr/bin/oslevel       = unknown
/bin/universe          = unknown

PATH: /usr/local/heroku/bin
PATH: /usr/local/heroku/bin
PATH: /usr/local/heroku/bin
PATH: /home/artemis/bin
PATH: /usr/local/bin
PATH: /usr/bin
PATH: /bin
PATH: /usr/bin/X11
PATH: /usr/games


## ----------- ##
## Core tests. ##
## ----------- ##

configure:2364: loading site script /usr/share/site/x86_64-unknown-linux-gnu
| #!/bin/sh
| # Site script for configure. It is resourced via $CONFIG_SITE environment varaible.
| 
| # If user did not specify libdir, guess the correct target:
| # Use lib64 for 64 bit bi-arch targets, keep the default for the rest.
| if test "$libdir" = '${exec_prefix}/lib' ; then
| 
| 	ac_config_site_64bit_host=NONE
| 
| 	case "$host" in
| 	"" )
| 		# User did not specify host target.
| 		# The native platform x86_64 is a bi-arch platform.
| 		# Try to detect cross-compilation to inferior architecture.
| 
| 		# We are trying to guess 32-bit target compilation. It's not as easy as
| 		# it sounds, as there is possible several intermediate combinations.
| 		ac_config_site_cross_to_32bit_host=NONE
| 
| 		# User defined -m32 in CFLAGS or CXXFLAGS:
| 		# (It's sufficient for 32-bit, but alone may cause mis-behavior of some checks.)
| 		case "$CFLAGS" in
| 		*-m32*)
| 			ac_config_site_cross_to_32bit_host=YES
| 			;;
| 		esac
| 		case "$CXXFLAGS" in
| 		*-m32*)
| 			ac_config_site_cross_to_32bit_host=YES
| 			;;
| 		esac
| 
| 		# Running with linux32:
| 		# (Changes detected platform, but not the toolchain target.)
| 		case "`/bin/uname -i`" in
| 		x86_64 | ppc64 | s390x )
| 			;;
| 		* )
| 			ac_config_site_cross_to_32bit_host=YES
| 			;;
| 		esac
| 
| 		if test "x$ac_config_site_cross_to_32bit_host" = xNONE; then
| 			ac_config_site_64bit_host=YES
| 		fi
| 
| 		;;
| 	*x86_64* | *ppc64* | *s390x* )
| 		ac_config_site_64bit_host=YES
| 		;;
| 	esac
| 
| 	if test "x$ac_config_site_64bit_host" = xYES; then
| 		libdir='${exec_prefix}/lib64'
| 	fi
| fi
| 
| # If user did not specify libexecdir, set the correct target:
| # Nor FHS nor openSUSE allow prefix/libexec. Let's default to prefix/lib.
| 
| if test "$libexecdir" = '${exec_prefix}/libexec' ; then
| 	libexecdir='${exec_prefix}/lib'
| fi
| 
| # Continue with the standard behavior of configure defined in AC_SITE_LOAD:
| if test "x$prefix" != xNONE; then
| 	ac_site_file1=$prefix/share/config.site
| 	ac_site_file2=$prefix/etc/config.site
| else
| 	ac_site_file1=$ac_default_prefix/share/config.site
| 	ac_site_file2=$ac_default_prefix/etc/config.site
| fi
| for ac_site_file in "$ac_site_file1" "$ac_site_file2"
| do
| 	test "x$ac_site_file" = xNONE && continue
| 	if test /dev/null != "$ac_site_file" && test -r "$ac_site_file"; then
| 		{ $as_echo "/usr/share/site/x86_64-unknown-linux-gnu:${as_lineno-$LINENO}: loading site script $ac_site_file" >&5
| $as_echo "/usr/share/site/x86_64-unknown-linux-gnu: loading site script $ac_site_file" >&6;}
| 		sed 's/^/| /' "$ac_site_file" >&5
| 		. "$ac_site_file" \
| 			|| { { $as_echo "/usr/share/site/x86_64-unknown-linux-gnu:${as_lineno-$LINENO}: error: in \`$ac_pwd':" >&5
| $as_echo "/usr/share/site/x86_64-unknown-linux-gnu: error: in \`$ac_pwd':" >&2;}
| as_fn_error $? "failed to load site script $ac_site_file
| See \`config.log' for more details" "$LINENO" 5; }
| 	fi
| done
configure:2519: checking build system type
configure:2533: result: x86_64-suse-linux-gnu
configure:2553: checking host system type
configure:2566: result: x86_64-suse-linux-gnu
configure:2607: checking how to print strings
configure:2634: result: printf
configure:2706: checking for gcc
configure:2722: found /usr/bin/gcc
configure:2733: result: gcc
configure:2962: checking for C compiler version
configure:2971: gcc --version >&5
gcc (SUSE Linux) 4.8.3 20140627 [gcc-4_8-branch revision 212064]
Copyright (C) 2013 Free Software Foundation, Inc.
This is free software; see the source for copying conditions.  There is NO
warranty; not even for MERCHANTABILITY or FITNESS FOR A PARTICULAR PURPOSE.

configure:2982: $? = 0
configure:2971: gcc -v >&5
Using built-in specs.
COLLECT_GCC=gcc
COLLECT_LTO_WRAPPER=/usr/lib64/gcc/x86_64-suse-linux/4.8/lto-wrapper
Target: x86_64-suse-linux
Configured with: ../configure --prefix=/usr --infodir=/usr/share/info --mandir=/usr/share/man --libdir=/usr/lib64 --libexecdir=/usr/lib64 --enable-languages=c,c++,objc,fortran,obj-c++,java,ada --enable-checking=release --with-gxx-include-dir=/usr/include/c++/4.8 --enable-ssp --disable-libssp --disable-plugin --with-bugurl=http://bugs.opensuse.org/ --with-pkgversion='SUSE Linux' --disable-libgcj --disable-libmudflap --with-slibdir=/lib64 --with-system-zlib --enable-__cxa_atexit --enable-libstdcxx-allocator=new --disable-libstdcxx-pch --enable-version-specific-runtime-libs --enable-linker-build-id --enable-linux-futex --program-suffix=-4.8 --without-system-libunwind --with-arch-32=i586 --with-tune=generic --build=x86_64-suse-linux --host=x86_64-suse-linux
Thread model: posix
gcc version 4.8.3 20140627 [gcc-4_8-branch revision 212064] (SUSE Linux) 
configure:2982: $? = 0
configure:2971: gcc -V >&5
gcc: error: unrecognized command line option '-V'
gcc: fatal error: no input files
compilation terminated.
configure:2982: $? = 1
configure:2971: gcc -qversion >&5
gcc: error: unrecognized command line option '-qversion'
gcc: fatal error: no input files
compilation terminated.
configure:2982: $? = 1
configure:3002: checking whether the C compiler works
configure:3024: gcc    conftest.c  >&5
configure:3028: $? = 0
configure:3076: result: yes
configure:3079: checking for C compiler default output file name
configure:3081: result: a.out
configure:3087: checking for suffix of executables
configure:3094: gcc -o conftest    conftest.c  >&5
configure:3098: $? = 0
configure:3120: result: 
configure:3142: checking whether we are cross compiling
configure:3150: gcc -o conftest    conftest.c  >&5
configure:3154: $? = 0
configure:3161: ./conftest
configure:3165: $? = 0
configure:3180: result: no
configure:3185: checking for suffix of object files
configure:3207: gcc -c   conftest.c >&5
configure:3211: $? = 0
configure:3232: result: o
configure:3236: checking whether we are using the GNU C compiler
configure:3255: gcc -c   conftest.c >&5
configure:3255: $? = 0
configure:3264: result: yes
configure:3273: checking whether gcc accepts -g
configure:3293: gcc -c -g  conftest.c >&5
configure:3293: $? = 0
configure:3334: result: yes
configure:3351: checking for gcc option to accept ISO C89
configure:3414: gcc  -c -g -O2  conftest.c >&5
configure:3414: $? = 0
configure:3427: result: none needed
configure:3452: checking whether gcc understands -c and -o together
configure:3474: gcc -c conftest.c -o conftest2.o
configure:3477: $? = 0
configure:3474: gcc -c conftest.c -o conftest2.o
configure:3477: $? = 0
configure:3489: result: yes
configure:3506: checking for a sed that does not truncate output
configure:3570: result: /usr/bin/sed
configure:3588: checking for grep that handles long lines and -e
configure:3646: result: /usr/bin/grep
configure:3651: checking for egrep
configure:3713: result: /usr/bin/grep -E
configure:3718: checking for fgrep
configure:3780: result: /usr/bin/grep -F
configure:3815: checking for ld used by gcc
configure:3882: result: /usr/x86_64-suse-linux/bin/ld
configure:3889: checking if the linker (/usr/x86_64-suse-linux/bin/ld) is GNU ld
configure:3904: result: yes
configure:3916: checking for BSD- or MS-compatible name lister (nm)
configure:3965: result: /usr/bin/nm -B
configure:4095: checking the name lister (/usr/bin/nm -B) interface
configure:4102: gcc -c -g -O2  conftest.c >&5
configure:4105: /usr/bin/nm -B "conftest.o"
configure:4108: output
0000000000000000 B some_variable
configure:4115: result: BSD nm
configure:4118: checking whether ln -s works
configure:4122: result: yes
configure:4130: checking the maximum length of command line arguments
configure:4260: result: 1572864
configure:4277: checking whether the shell understands some XSI constructs
configure:4287: result: yes
configure:4291: checking whether the shell understands "+="
configure:4297: result: yes
configure:4332: checking how to convert x86_64-suse-linux-gnu file names to x86_64-suse-linux-gnu format
configure:4372: result: func_convert_file_noop
configure:4379: checking how to convert x86_64-suse-linux-gnu file names to toolchain format
configure:4399: result: func_convert_file_noop
configure:4406: checking for /usr/x86_64-suse-linux/bin/ld option to reload object files
configure:4413: result: -r
configure:4487: checking for objdump
configure:4503: found /usr/bin/objdump
configure:4514: result: objdump
configure:4546: checking how to recognize dependent libraries
configure:4748: result: pass_all
configure:4833: checking for dlltool
configure:4863: result: no
configure:4893: checking how to associate runtime and link libraries
configure:4920: result: printf %s\n
configure:4981: checking for ar
configure:4997: found /usr/bin/ar
configure:5008: result: ar
configure:5045: checking for archiver @FILE support
configure:5062: gcc -c -g -O2  conftest.c >&5
configure:5062: $? = 0
configure:5065: ar cru libconftest.a @conftest.lst >&5
configure:5068: $? = 0
configure:5073: ar cru libconftest.a @conftest.lst >&5
ar: conftest.o: No such file or directory
configure:5076: $? = 1
configure:5088: result: @
configure:5146: checking for strip
configure:5162: found /usr/bin/strip
configure:5173: result: strip
configure:5245: checking for ranlib
configure:5261: found /usr/bin/ranlib
configure:5272: result: ranlib
configure:5349: checking for gawk
configure:5365: found /usr/bin/gawk
configure:5376: result: gawk
configure:5416: checking command to parse /usr/bin/nm -B output from gcc object
configure:5536: gcc -c -g -O2  conftest.c >&5
configure:5539: $? = 0
configure:5543: /usr/bin/nm -B conftest.o \| sed -n -e 's/^.*[ ]\([ABCDGIRSTW][ABCDGIRSTW]*\)[ ][ ]*\([_A-Za-z][_A-Za-z0-9]*\)$/\1 \2 \2/p' | sed '/ __gnu_lto/d' \> conftest.nm
configure:5546: $? = 0
configure:5612: gcc -o conftest -g -O2   conftest.c conftstm.o >&5
configure:5615: $? = 0
configure:5653: result: ok
configure:5690: checking for sysroot
configure:5720: result: no
configure:5797: gcc -c -g -O2  conftest.c >&5
configure:5800: $? = 0
configure:5982: checking for mt
configure:5998: found /usr/bin/mt
configure:6009: result: mt
configure:6032: checking if mt is a manifest tool
configure:6038: mt '-?'
configure:6046: result: no
configure:6688: checking how to run the C preprocessor
configure:6719: gcc -E  conftest.c
configure:6719: $? = 0
configure:6733: gcc -E  conftest.c
conftest.c:9:28: fatal error: ac_nonexistent.h: No such file or directory
 #include <ac_nonexistent.h>
                            ^
compilation terminated.
configure:6733: $? = 1
configure: failed program was:
| /* confdefs.h */
| #define PACKAGE_NAME "GDFS"
| #define PACKAGE_TARNAME "gdfs"
| #define PACKAGE_VERSION "1.0.0"
| #define PACKAGE_STRING "GDFS 1.0.0"
| #define PACKAGE_BUGREPORT "robinthomas2591@gmail.com"
| #define PACKAGE_URL ""
| /* end confdefs.h.  */
| #include <ac_nonexistent.h>
configure:6758: result: gcc -E
configure:6778: gcc -E  conftest.c
configure:6778: $? = 0
configure:6792: gcc -E  conftest.c
conftest.c:9:28: fatal error: ac_nonexistent.h: No such file or directory
 #include <ac_nonexistent.h>
                            ^
compilation terminated.
configure:6792: $? = 1
configure: failed program was:
| /* confdefs.h */
| #define PACKAGE_NAME "GDFS"
| #define PACKAGE_TARNAME "gdfs"
| #define PACKAGE_VERSION "1.0.0"
| #define PACKAGE_STRING "GDFS 1.0.0"
| #define PACKAGE_BUGREPORT "robinthomas2591@gmail.com"
| #define PACKAGE_URL ""
| /* end confdefs.h.  */
| #include <ac_nonexistent.h>
configure:6821: checking for ANSI C header files
configure:6841: gcc -c -g -O2  conftest.c >&5
configure:6841: $? = 0
configure:6914: gcc -o conftest -g -O2   conftest.c  >&5
configure:6914: $? = 0
configure:6914: ./conftest
configure:6914: $? = 0
configure:6925: result: yes
configure:6938: checking for sys/types.h
configure:6938: gcc -c -g -O2  conftest.c >&5
configure:6938: $? = 0
configure:6938: result: yes
configure:6938: checking for sys/stat.h
configure:6938: gcc -c -g -O2  conftest.c >&5
configure:6938: $? = 0
configure:6938: result: yes
configure:6938: checking for stdlib.h
configure:6938: gcc -c -g -O2  conftest.c >&5
configure:6938: $? = 0
configure:6938: result: yes
configure:6938: checking for string.h
configure:6938: gcc -c -g -O2  conftest.c >&5
configure:6938: $? = 0
configure:6938: result: yes
configure:6938: checking for memory.h
configure:6938: gcc -c -g -O2  conftest.c >&5
configure:6938: $? = 0
configure:6938: result: yes
configure:6938: checking for strings.h
configure:6938: gcc -c -g -O2  conftest.c >&5
configure:6938: $? = 0
configure:6938: result: yes
configure:6938: checking for inttypes.h
configure:6938: gcc -c -g -O2  conftest.c >&5
configure:6938: $? = 0
configure:6938: result: yes
configure:6938: checking for stdint.h
configure:6938: gcc -c -g -O2  conftest.c >&5
configure:6938: $? = 0
configure:6938: result: yes
configure:6938: checking for unistd.h
configure:6938: gcc -c -g -O2  conftest.c >&5
configure:6938: $? = 0
configure:6938: result: yes
configure:6952: checking for dlfcn.h
configure:6952: gcc -c -g -O2  conftest.c >&5
configure:6952: $? = 0
configure:6952: result: yes
configure:7158: checking for objdir
configure:7173: result: .libs
configure:7444: checking if gcc supports -fno-rtti -fno-exceptions
configure:7462: gcc -c -g -O2  -fno-rtti -fno-exceptions conftest.c >&5
cc1: warning: command line option '-fno-rtti' is valid for C++/ObjC++ but not for C [enabled by default]
configure:7466: $? = 0
configure:7479: result: no
configure:7806: checking for gcc option to produce PIC
configure:7813: result: -fPIC -DPIC
configure:7821: checking if gcc PIC flag -fPIC -DPIC works
configure:7839: gcc -c -g -O2  -fPIC -DPIC -DPIC conftest.c >&5
configure:7843: $? = 0
configure:7856: result: yes
configure:7885: checking if gcc static flag -static works
configure:7913: result: no
configure:7928: checking if gcc supports -c -o file.o
configure:7949: gcc -c -g -O2  -o out/conftest2.o conftest.c >&5
configure:7953: $? = 0
configure:7975: result: yes
configure:7983: checking if gcc supports -c -o file.o
configure:8030: result: yes
configure:8063: checking whether the gcc linker (/usr/x86_64-suse-linux/bin/ld -m elf_x86_64) supports shared libraries
configure:9216: result: yes
configure:9253: checking whether -lc should be explicitly linked in
configure:9261: gcc -c -g -O2  conftest.c >&5
configure:9264: $? = 0
configure:9279: gcc -shared  -fPIC -DPIC conftest.o  -v -Wl,-soname -Wl,conftest -o conftest 2\>\&1 \| /usr/bin/grep  -lc  \>/dev/null 2\>\&1
configure:9282: $? = 0
configure:9296: result: no
configure:9456: checking dynamic linker characteristics
configure:9967: gcc -o conftest -g -O2   -Wl,-rpath -Wl,/foo conftest.c  >&5
configure:9967: $? = 0
configure:10189: result: GNU/Linux ld.so
configure:10296: checking how to hardcode library paths into programs
configure:10321: result: immediate
configure:10861: checking whether stripping libraries is possible
configure:10866: result: yes
configure:10901: checking if libtool supports shared libraries
configure:10903: result: yes
configure:10906: checking whether to build shared libraries
configure:10927: result: yes
configure:10930: checking whether to build static libraries
configure:10934: result: yes
configure:10971: checking target system type
configure:10984: result: x86_64-suse-linux-gnu
configure:11022: checking whether make supports nested variables
configure:11039: result: yes
configure:11066: checking for a BSD-compatible install
configure:11134: result: /usr/bin/install -c
configure:11145: checking whether build environment is sane
configure:11200: result: yes
configure:11348: checking for a thread-safe mkdir -p
configure:11387: result: /usr/bin/mkdir -p
configure:11390: checking whether make sets $(MAKE)
configure:11412: result: yes
configure:11442: checking for style of include used by make
configure:11470: result: GNU
configure:11567: checking dependency style of gcc
configure:11678: result: gcc3
configure:11798: checking for g++
configure:11814: found /usr/bin/g++
configure:11825: result: g++
configure:11852: checking for C++ compiler version
configure:11861: g++ --version >&5
g++ (SUSE Linux) 4.8.3 20140627 [gcc-4_8-branch revision 212064]
Copyright (C) 2013 Free Software Foundation, Inc.
This is free software; see the source for copying conditions.  There is NO
warranty; not even for MERCHANTABILITY or FITNESS FOR A PARTICULAR PURPOSE.

configure:11872: $? = 0
configure:11861: g++ -v >&5
Using built-in specs.
COLLECT_GCC=g++
COLLECT_LTO_WRAPPER=/usr/lib64/gcc/x86_64-suse-linux/4.8/lto-wrapper
Target: x86_64-suse-linux
Configured with: ../configure --prefix=/usr --infodir=/usr/share/info --mandir=/usr/share/man --libdir=/usr/lib64 --libexecdir=/usr/lib64 --enable-languages=c,c++,objc,fortran,obj-c++,java,ada --enable-checking=release --with-gxx-include-dir=/usr/include/c++/4.8 --enable-ssp --disable-libssp --disable-plugin --with-bugurl=http://bugs.opensuse.org/ --with-pkgversion='SUSE Linux' --disable-libgcj --disable-libmudflap --with-slibdir=/lib64 --with-system-zlib --enable-__cxa_atexit --enable-libstdcxx-allocator=new --disable-libstdcxx-pch --enable-version-specific-runtime-libs --enable-linker-build-id --enable-linux-futex --program-suffix=-4.8 --without-system-libunwind --with-arch-32=i586 --with-tune=generic --build=x86_64-suse-linux --host=x86_64-suse-linux
Thread model: posix
gcc version 4.8.3 20140627 [gcc-4_8-branch revision 212064] (SUSE Linux) 
configure:11872: $? = 0
configure:11861: g++ -V >&5
g++: error: unrecognized command line option '-V'
g++: fatal error: no input files
compilation terminated.
configure:11872: $? = 1
configure:11861: g++ -qversion >&5
g++: error: unrecognized command line option '-qversion'
g++: fatal error: no input files
compilation terminated.
configure:11872: $? = 1
configure:11876: checking whether we are using the GNU C++ compiler
configure:11895: g++ -c   conftest.cpp >&5
configure:11895: $? = 0
configure:11904: result: yes
configure:11913: checking whether g++ accepts -g
configure:11933: g++ -c -g  conftest.cpp >&5
configure:11933: $? = 0
configure:11974: result: yes
configure:12015: checking how to run the C++ preprocessor
configure:12042: g++ -E  conftest.cpp
configure:12042: $? = 0
configure:12056: g++ -E  conftest.cpp
conftest.cpp:23:28: fatal error: ac_nonexistent.h: No such file or directory
 #include <ac_nonexistent.h>
                            ^
compilation terminated.
configure:12056: $? = 1
configure: failed program was:
| /* confdefs.h */
| #define PACKAGE_NAME "GDFS"
| #define PACKAGE_TARNAME "gdfs"
| #define PACKAGE_VERSION "1.0.0"
| #define PACKAGE_STRING "GDFS 1.0.0"
| #define PACKAGE_BUGREPORT "robinthomas2591@gmail.com"
| #define PACKAGE_URL ""
| #define STDC_HEADERS 1
| #define HAVE_SYS_TYPES_H 1
| #define HAVE_SYS_STAT_H 1
| #define HAVE_STDLIB_H 1
| #define HAVE_STRING_H 1
| #define HAVE_MEMORY_H 1
| #define HAVE_STRINGS_H 1
| #define HAVE_INTTYPES_H 1
| #define HAVE_STDINT_H 1
| #define HAVE_UNISTD_H 1
| #define HAVE_DLFCN_H 1
| #define LT_OBJDIR ".libs/"
| #define PACKAGE "gdfs"
| #define VERSION "1.0.0"
| /* end confdefs.h.  */
| #include <ac_nonexistent.h>
configure:12081: result: g++ -E
configure:12101: g++ -E  conftest.cpp
configure:12101: $? = 0
configure:12115: g++ -E  conftest.cpp
conftest.cpp:23:28: fatal error: ac_nonexistent.h: No such file or directory
 #include <ac_nonexistent.h>
                            ^
compilation terminated.
configure:12115: $? = 1
configure: failed program was:
| /* confdefs.h */
| #define PACKAGE_NAME "GDFS"
| #define PACKAGE_TARNAME "gdfs"
| #define PACKAGE_VERSION "1.0.0"
| #define PACKAGE_STRING "GDFS 1.0.0"
| #define PACKAGE_BUGREPORT "robinthomas2591@gmail.com"
| #define PACKAGE_URL ""
| #define STDC_HEADERS 1
| #define HAVE_SYS_TYPES_H 1
| #define HAVE_SYS_STAT_H 1
| #define HAVE_STDLIB_H 1
| #define HAVE_STRING_H 1
| #define HAVE_MEMORY_H 1
| #define HAVE_STRINGS_H 1
| #define HAVE_INTTYPES_H 1
| #define HAVE_STDINT_H 1
| #define HAVE_UNISTD_H 1
| #define HAVE_DLFCN_H 1
| #define LT_OBJDIR ".libs/"
| #define PACKAGE "gdfs"
| #define VERSION "1.0.0"
| /* end confdefs.h.  */
| #include <ac_nonexistent.h>
configure:12284: checking for ld used by g++
configure:12351: result: /usr/x86_64-suse-linux/bin/ld -m elf_x86_64
configure:12358: checking if the linker (/usr/x86_64-suse-linux/bin/ld -m elf_x86_64) is GNU ld
configure:12373: result: yes
configure:12428: checking whether the g++ linker (/usr/x86_64-suse-linux/bin/ld -m elf_x86_64) supports shared libraries
configure:13433: result: yes
configure:13469: g++ -c -g -O2  conftest.cpp >&5
configure:13472: $? = 0
configure:13992: checking for g++ option to produce PIC
configure:13999: result: -fPIC -DPIC
configure:14007: checking if g++ PIC flag -fPIC -DPIC works
configure:14025: g++ -c -g -O2  -fPIC -DPIC -DPIC conftest.cpp >&5
configure:14029: $? = 0
configure:14042: result: yes
configure:14065: checking if g++ static flag -static works
configure:14093: result: no
configure:14105: checking if g++ supports -c -o file.o
configure:14126: g++ -c -g -O2  -o out/conftest2.o conftest.cpp >&5
configure:14130: $? = 0
configure:14152: result: yes
configure:14157: checking if g++ supports -c -o file.o
configure:14204: result: yes
configure:14234: checking whether the g++ linker (/usr/x86_64-suse-linux/bin/ld -m elf_x86_64) supports shared libraries
configure:14270: result: yes
configure:14411: checking dynamic linker characteristics
configure:15078: result: GNU/Linux ld.so
configure:15131: checking how to hardcode library paths into programs
configure:15156: result: immediate
configure:15198: checking dependency style of g++
configure:15309: result: gcc3
configure:15372: checking for gcc
configure:15399: result: gcc
configure:15628: checking for C compiler version
configure:15637: gcc --version >&5
gcc (SUSE Linux) 4.8.3 20140627 [gcc-4_8-branch revision 212064]
Copyright (C) 2013 Free Software Foundation, Inc.
This is free software; see the source for copying conditions.  There is NO
warranty; not even for MERCHANTABILITY or FITNESS FOR A PARTICULAR PURPOSE.

configure:15648: $? = 0
configure:15637: gcc -v >&5
Using built-in specs.
COLLECT_GCC=gcc
COLLECT_LTO_WRAPPER=/usr/lib64/gcc/x86_64-suse-linux/4.8/lto-wrapper
Target: x86_64-suse-linux
Configured with: ../configure --prefix=/usr --infodir=/usr/share/info --mandir=/usr/share/man --libdir=/usr/lib64 --libexecdir=/usr/lib64 --enable-languages=c,c++,objc,fortran,obj-c++,java,ada --enable-checking=release --with-gxx-include-dir=/usr/include/c++/4.8 --enable-ssp --disable-libssp --disable-plugin --with-bugurl=http://bugs.opensuse.org/ --with-pkgversion='SUSE Linux' --disable-libgcj --disable-libmudflap --with-slibdir=/lib64 --with-system-zlib --enable-__cxa_atexit --enable-libstdcxx-allocator=new --disable-libstdcxx-pch --enable-version-specific-runtime-libs --enable-linker-build-id --enable-linux-futex --program-suffix=-4.8 --without-system-libunwind --with-arch-32=i586 --with-tune=generic --build=x86_64-suse-linux --host=x86_64-suse-linux
Thread model: posix
gcc version 4.8.3 20140627 [gcc-4_8-branch revision 212064] (SUSE Linux) 
configure:15648: $? = 0
configure:15637: gcc -V >&5
gcc: error: unrecognized command line option '-V'
gcc: fatal error: no input files
compilation terminated.
configure:15648: $? = 1
configure:15637: gcc -qversion >&5
gcc: error: unrecognized command line option '-qversion'
gcc: fatal error: no input files
compilation terminated.
configure:15648: $? = 1
configure:15652: checking whether we are using the GNU C compiler
configure:15680: result: yes
configure:15689: checking whether gcc accepts -g
configure:15750: result: yes
configure:15767: checking for gcc option to accept ISO C89
configure:15843: result: none needed
configure:15868: checking whether gcc understands -c and -o together
configure:15905: result: yes
configure:15922: checking whether make sets $(MAKE)
configure:15944: result: yes
configure:15961: checking for special C compiler options needed for large files
configure:16006: result: no
configure:16012: checking for _FILE_OFFSET_BITS value needed for large files
configure:16037: gcc -c -g -O2  conftest.c >&5
configure:16037: $? = 0
configure:16069: result: no
configure:16158: checking for curl_easy_init in -lcurl
configure:16183: gcc -o conftest -g -O2   conftest.c -lcurl   >&5
configure:16183: $? = 0
configure:16192: result: yes
configure:16203: checking for fuse_main_real in -lfuse
configure:16228: gcc -o conftest -g -O2   conftest.c -lfuse  -lcurl  >&5
configure:16228: $? = 0
configure:16237: result: yes
configure:16250: checking for ANSI C header files
configure:16354: result: yes
configure:16365: checking for stdlib.h
configure:16365: result: yes
configure:16365: checking stdbool.h usability
configure:16365: gcc -c -g -O2  conftest.c >&5
configure:16365: $? = 0
configure:16365: result: yes
configure:16365: checking stdbool.h presence
configure:16365: gcc -E  conftest.c
configure:16365: $? = 0
configure:16365: result: yes
configure:16365: checking for stdbool.h
configure:16365: result: yes
configure:16375: checking for struct stat.st_atim
configure:16375: gcc -c -g -O2  conftest.c >&5
conftest.c: In function 'main':
conftest.c:65:5: error: used struct type value where scalar is required
 if (ac_aggr.st_atim)
     ^
configure:16375: $? = 1
configure: failed program was:
| /* confdefs.h */
| #define PACKAGE_NAME "GDFS"
| #define PACKAGE_TARNAME "gdfs"
| #define PACKAGE_VERSION "1.0.0"
| #define PACKAGE_STRING "GDFS 1.0.0"
| #define PACKAGE_BUGREPORT "robinthomas2591@gmail.com"
| #define PACKAGE_URL ""
| #define STDC_HEADERS 1
| #define HAVE_SYS_TYPES_H 1
| #define HAVE_SYS_STAT_H 1
| #define HAVE_STDLIB_H 1
| #define HAVE_STRING_H 1
| #define HAVE_MEMORY_H 1
| #define HAVE_STRINGS_H 1
| #define HAVE_INTTYPES_H 1
| #define HAVE_STDINT_H 1
| #define HAVE_UNISTD_H 1
| #define HAVE_DLFCN_H 1
| #define LT_OBJDIR ".libs/"
| #define PACKAGE "gdfs"
| #define VERSION "1.0.0"
| #define HAVE_LIBCURL 1
| #define HAVE_LIBFUSE 1
| #define STDC_HEADERS 1
| #define HAVE_STDLIB_H 1
| #define HAVE_STDBOOL_H 1
| /* end confdefs.h.  */
| #include <stdio.h>
| #ifdef HAVE_SYS_TYPES_H
| # include <sys/types.h>
| #endif
| #ifdef HAVE_SYS_STAT_H
| # include <sys/stat.h>
| #endif
| #ifdef STDC_HEADERS
| # include <stdlib.h>
| # include <stddef.h>
| #else
| # ifdef HAVE_STDLIB_H
| #  include <stdlib.h>
| # endif
| #endif
| #ifdef HAVE_STRING_H
| # if !defined STDC_HEADERS && defined HAVE_MEMORY_H
| #  include <memory.h>
| # endif
| # include <string.h>
| #endif
| #ifdef HAVE_STRINGS_H
| # include <strings.h>
| #endif
| #ifdef HAVE_INTTYPES_H
| # include <inttypes.h>
| #endif
| #ifdef HAVE_STDINT_H
| # include <stdint.h>
| #endif
| #ifdef HAVE_UNISTD_H
| # include <unistd.h>
| #endif
| int
| main ()
| {
| static struct stat ac_aggr;
| if (ac_aggr.st_atim)
| return 0;
|   ;
|   return 0;
| }
configure:16375: gcc -c -g -O2  conftest.c >&5
configure:16375: $? = 0
configure:16375: result: yes
configure:16385: checking for struct stat.st_atimespec
configure:16385: gcc -c -g -O2  conftest.c >&5
conftest.c: In function 'main':
conftest.c:66:12: error: 'struct stat' has no member named 'st_atimespec'
 if (ac_aggr.st_atimespec)
            ^
configure:16385: $? = 1
configure: failed program was:
| /* confdefs.h */
| #define PACKAGE_NAME "GDFS"
| #define PACKAGE_TARNAME "gdfs"
| #define PACKAGE_VERSION "1.0.0"
| #define PACKAGE_STRING "GDFS 1.0.0"
| #define PACKAGE_BUGREPORT "robinthomas2591@gmail.com"
| #define PACKAGE_URL ""
| #define STDC_HEADERS 1
| #define HAVE_SYS_TYPES_H 1
| #define HAVE_SYS_STAT_H 1
| #define HAVE_STDLIB_H 1
| #define HAVE_STRING_H 1
| #define HAVE_MEMORY_H 1
| #define HAVE_STRINGS_H 1
| #define HAVE_INTTYPES_H 1
| #define HAVE_STDINT_H 1
| #define HAVE_UNISTD_H 1
| #define HAVE_DLFCN_H 1
| #define LT_OBJDIR ".libs/"
| #define PACKAGE "gdfs"
| #define VERSION "1.0.0"
| #define HAVE_LIBCURL 1
| #define HAVE_LIBFUSE 1
| #define STDC_HEADERS 1
| #define HAVE_STDLIB_H 1
| #define HAVE_STDBOOL_H 1
| #define HAVE_STRUCT_STAT_ST_ATIM 1
| /* end confdefs.h.  */
| #include <stdio.h>
| #ifdef HAVE_SYS_TYPES_H
| # include <sys/types.h>
| #endif
| #ifdef HAVE_SYS_STAT_H
| # include <sys/stat.h>
| #endif
| #ifdef STDC_HEADERS
| # include <stdlib.h>
| # include <stddef.h>
| #else
| # ifdef HAVE_STDLIB_H
| #  include <stdlib.h>
| # endif
| #endif
| #ifdef HAVE_STRING_H
| # if !defined STDC_HEADERS && defined HAVE_MEMORY_H
| #  include <memory.h>
| # endif
| # include <string.h>
| #endif
| #ifdef HAVE_STRINGS_H
| # include <strings.h>
| #endif
| #ifdef HAVE_INTTYPES_H
| # include <inttypes.h>
| #endif
| #ifdef HAVE_STDINT_H
| # include <stdint.h>
| #endif
| #ifdef HAVE_UNISTD_H
| # include <unistd.h>
| #endif
| int
| main ()
| {
| static struct stat ac_aggr;
| if (ac_aggr.st_atimespec)
| return 0;
|   ;
|   return 0;
| }
configure:16385: gcc -c -g -O2  conftest.c >&5
conftest.c: In function 'main':
conftest.c:66:19: error: 'struct stat' has no member named 'st_atimespec'
 if (sizeof ac_aggr.st_atimespec)
                   ^
configure:16385: $? = 1
configure: failed program was:
| /* confdefs.h */
| #define PACKAGE_NAME "GDFS"
| #define PACKAGE_TARNAME "gdfs"
| #define PACKAGE_VERSION "1.0.0"
| #define PACKAGE_STRING "GDFS 1.0.0"
| #define PACKAGE_BUGREPORT "robinthomas2591@gmail.com"
| #define PACKAGE_URL ""
| #define STDC_HEADERS 1
| #define HAVE_SYS_TYPES_H 1
| #define HAVE_SYS_STAT_H 1
| #define HAVE_STDLIB_H 1
| #define HAVE_STRING_H 1
| #define HAVE_MEMORY_H 1
| #define HAVE_STRINGS_H 1
| #define HAVE_INTTYPES_H 1
| #define HAVE_STDINT_H 1
| #define HAVE_UNISTD_H 1
| #define HAVE_DLFCN_H 1
| #define LT_OBJDIR ".libs/"
| #define PACKAGE "gdfs"
| #define VERSION "1.0.0"
| #define HAVE_LIBCURL 1
| #define HAVE_LIBFUSE 1
| #define STDC_HEADERS 1
| #define HAVE_STDLIB_H 1
| #define HAVE_STDBOOL_H 1
| #define HAVE_STRUCT_STAT_ST_ATIM 1
| /* end confdefs.h.  */
| #include <stdio.h>
| #ifdef HAVE_SYS_TYPES_H
| # include <sys/types.h>
| #endif
| #ifdef HAVE_SYS_STAT_H
| # include <sys/stat.h>
| #endif
| #ifdef STDC_HEADERS
| # include <stdlib.h>
| # include <stddef.h>
| #else
| # ifdef HAVE_STDLIB_H
| #  include <stdlib.h>
| # endif
| #endif
| #ifdef HAVE_STRING_H
| # if !defined STDC_HEADERS && defined HAVE_MEMORY_H
| #  include <memory.h>
| # endif
| # include <string.h>
| #endif
| #ifdef HAVE_STRINGS_H
| # include <strings.h>
| #endif
| #ifdef HAVE_INTTYPES_H
| # include <inttypes.h>
| #endif
| #ifdef HAVE_STDINT_H
| # include <stdint.h>
| #endif
| #ifdef HAVE_UNISTD_H
| # include <unistd.h>
| #endif
| int
| main ()
| {
| static struct stat ac_aggr;
| if (sizeof ac_aggr.st_atimespec)
| return 0;
|   ;
|   return 0;
| }
configure:16385: result: no
configure:16395: checking for size_t
configure:16395: gcc -c -g -O2  conftest.c >&5
configure:16395: $? = 0
configure:16395: gcc -c -g -O2  conftest.c >&5
conftest.c: In function 'main':
conftest.c:65:21: error: expected expression before ')' token
 if (sizeof ((size_t)))
                     ^
configure:16395: $? = 1
configure: failed program was:
| /* confdefs.h */
| #define PACKAGE_NAME "GDFS"
| #define PACKAGE_TARNAME "gdfs"
| #define PACKAGE_VERSION "1.0.0"
| #define PACKAGE_STRING "GDFS 1.0.0"
| #define PACKAGE_BUGREPORT "robinthomas2591@gmail.com"
| #define PACKAGE_URL ""
| #define STDC_HEADERS 1
| #define HAVE_SYS_TYPES_H 1
| #define HAVE_SYS_STAT_H 1
| #define HAVE_STDLIB_H 1
| #define HAVE_STRING_H 1
| #define HAVE_MEMORY_H 1
| #define HAVE_STRINGS_H 1
| #define HAVE_INTTYPES_H 1
| #define HAVE_STDINT_H 1
| #define HAVE_UNISTD_H 1
| #define HAVE_DLFCN_H 1
| #define LT_OBJDIR ".libs/"
| #define PACKAGE "gdfs"
| #define VERSION "1.0.0"
| #define HAVE_LIBCURL 1
| #define HAVE_LIBFUSE 1
| #define STDC_HEADERS 1
| #define HAVE_STDLIB_H 1
| #define HAVE_STDBOOL_H 1
| #define HAVE_STRUCT_STAT_ST_ATIM 1
| /* end confdefs.h.  */
| #include <stdio.h>
| #ifdef HAVE_SYS_TYPES_H
| # include <sys/types.h>
| #endif
| #ifdef HAVE_SYS_STAT_H
| # include <sys/stat.h>
| #endif
| #ifdef STDC_HEADERS
| # include <stdlib.h>
| # include <stddef.h>
| #else
| # ifdef HAVE_STDLIB_H
| #  include <stdlib.h>
| # endif
| #endif
| #ifdef HAVE_STRING_H
| # if !defined STDC_HEADERS && defined HAVE_MEMORY_H
| #  include <memory.h>
| # endif
| # include <string.h>
| #endif
| #ifdef HAVE_STRINGS_H
| # include <strings.h>
| #endif
| #ifdef HAVE_INTTYPES_H
| # include <inttypes.h>
| #endif
| #ifdef HAVE_STDINT_H
| # include <stdint.h>
| #endif
| #ifdef HAVE_UNISTD_H
| # include <unistd.h>
| #endif
| int
| main ()
| {
| if (sizeof ((size_t)))
| 	    return 0;
|   ;
|   return 0;
| }
configure:16395: result: yes
configure:16406: checking for an ANSI C-conforming const
configure:16472: gcc -c -g -O2  conftest.c >&5
configure:16472: $? = 0
configure:16479: result: yes
configure:16491: checking for fork
configure:16491: gcc -o conftest -g -O2   conftest.c -lfuse -lcurl  >&5
conftest.c:52:6: warning: conflicting types for built-in function 'fork' [enabled by default]
 char fork ();
      ^
configure:16491: $? = 0
configure:16491: result: yes
configure:16506: INIT_D_PATH env var not set, using default /etc/init.d
configure:16622: checking that generated files are newer than configure
configure:16628: result: done
configure:16655: creating ./config.status

## ---------------------- ##
## Running config.status. ##
## ---------------------- ##

This file was extended by GDFS config.status 1.0.0, which was
generated by GNU Autoconf 2.69.  Invocation command line was

  CONFIG_FILES    = 
  CONFIG_HEADERS  = 
  CONFIG_LINKS    = 
  CONFIG_COMMANDS = 
  $ ./config.status 

on linux-7yso.site

config.status:1159: creating Makefile
config.status:1159: creating src/Makefile
config.status:1159: creating lib/Makefile
config.status:1159: creating util/Makefile
config.status:1159: creating config/config.h
config.status:1340: config/config.h is unchanged
config.status:1388: executing libtool commands
config.status:1388: executing depfiles commands

## ---------------- ##
## Cache variables. ##
## ---------------- ##

ac_cv_build=x86_64-suse-linux-gnu
ac_cv_c_compiler_gnu=yes
ac_cv_c_const=yes
ac_cv_cxx_compiler_gnu=yes
ac_cv_env_CCC_set=
ac_cv_env_CCC_value=
ac_cv_env_CC_set=
ac_cv_env_CC_value=
ac_cv_env_CFLAGS_set=
ac_cv_env_CFLAGS_value=
ac_cv_env_CPPFLAGS_set=
ac_cv_env_CPPFLAGS_value=
ac_cv_env_CPP_set=
ac_cv_env_CPP_value=
ac_cv_env_CXXCPP_set=
ac_cv_env_CXXCPP_value=
ac_cv_env_CXXFLAGS_set=
ac_cv_env_CXXFLAGS_value=
ac_cv_env_CXX_set=
ac_cv_env_CXX_value=
ac_cv_env_LDFLAGS_set=
ac_cv_env_LDFLAGS_value=
ac_cv_env_LIBS_set=
ac_cv_env_LIBS_value=
ac_cv_env_build_alias_set=
ac_cv_env_build_alias_value=
ac_cv_env_host_alias_set=
ac_cv_env_host_alias_value=
ac_cv_env_target_alias_set=
ac_cv_env_target_alias_value=
ac_cv_func_fork=yes
ac_cv_header_dlfcn_h=yes
ac_cv_header_inttypes_h=yes
ac_cv_header_memory_h=yes
ac_cv_header_stdbool_h=yes
ac_cv_header_stdc=yes
ac_cv_header_stdint_h=yes
ac_cv_header_stdlib_h=yes
ac_cv_header_string_h=yes
ac_cv_header_strings_h=yes
ac_cv_header_sys_stat_h=yes
ac_cv_header_sys_types_h=yes
ac_cv_header_unistd_h=yes
ac_cv_host=x86_64-suse-linux-gnu
ac_cv_lib_curl_curl_easy_init=yes
ac_cv_lib_fuse_fuse_main_real=yes
ac_cv_member_struct_stat_st_atim=yes
ac_cv_member_struct_stat_st_atimespec=no
ac_cv_objext=o
ac_cv_path_EGREP='/usr/bin/grep -E'
ac_cv_path_FGREP='/usr/bin/grep -F'
ac_cv_path_GREP=/usr/bin/grep
ac_cv_path_SED=/usr/bin/sed
ac_cv_path_install='/usr/bin/install -c'
ac_cv_path_mkdir=/usr/bin/mkdir
ac_cv_prog_AWK=gawk
ac_cv_prog_CPP='gcc -E'
ac_cv_prog_CXXCPP='g++ -E'
ac_cv_prog_ac_ct_AR=ar
ac_cv_prog_ac_ct_CC=gcc
ac_cv_prog_ac_ct_CXX=g++
ac_cv_prog_ac_ct_MANIFEST_TOOL=mt
ac_cv_prog_ac_ct_OBJDUMP=objdump
ac_cv_prog_ac_ct_RANLIB=ranlib
ac_cv_prog_ac_ct_STRIP=strip
ac_cv_prog_cc_c89=
ac_cv_prog_cc_g=yes
ac_cv_prog_cxx_g=yes
ac_cv_prog_make_make_set=yes
ac_cv_sys_file_offset_bits=no
ac_cv_sys_largefile_CC=no
ac_cv_target=x86_64-suse-linux-gnu
ac_cv_type_size_t=yes
am_cv_CC_dependencies_compiler_type=gcc3
am_cv_CXX_dependencies_compiler_type=gcc3
am_cv_make_support_nested_variables=yes
am_cv_prog_cc_c_o=yes
lt_cv_ar_at_file=@
lt_cv_archive_cmds_need_lc=no
lt_cv_deplibs_check_method=pass_all
lt_cv_file_magic_cmd='$MAGIC_CMD'
lt_cv_file_magic_test_file=
lt_cv_ld_reload_flag=-r
lt_cv_nm_interface='BSD nm'
lt_cv_objdir=.libs
lt_cv_path_LD=/usr/x86_64-suse-linux/bin/ld
lt_cv_path_LDCXX='/usr/x86_64-suse-linux/bin/ld -m elf_x86_64'
lt_cv_path_NM='/usr/bin/nm -B'
lt_cv_path_mainfest_tool=no
lt_cv_prog_compiler_c_o=yes
lt_cv_prog_compiler_c_o_CXX=yes
lt_cv_prog_compiler_pic='-fPIC -DPIC'
lt_cv_prog_compiler_pic_CXX='-fPIC -DPIC'
lt_cv_prog_compiler_pic_works=yes
lt_cv_prog_compiler_pic_works_CXX=yes
lt_cv_prog_compiler_rtti_exceptions=no
lt_cv_prog_compiler_static_works=no
lt_cv_prog_compiler_static_works_CXX=no
lt_cv_prog_gnu_ld=yes
lt_cv_prog_gnu_ldcxx=yes
lt_cv_sharedlib_from_linklib_cmd='printf %s\n'
lt_cv_shlibpath_overrides_runpath=yes
lt_cv_sys_global_symbol_pipe='sed -n -e '\''s/^.*[	 ]\([ABCDGIRSTW][ABCDGIRSTW]*\)[	 ][	 ]*\([_A-Za-z][_A-Za-z0-9]*\)$/\1 \2 \2/p'\'' | sed '\''/ __gnu_lto/d'\'''
lt_cv_sys_global_symbol_to_c_name_address='sed -n -e '\''s/^: \([^ ]*\)[ ]*$/  {\"\1\", (void *) 0},/p'\'' -e '\''s/^[ABCDGIRSTW]* \([^ ]*\) \([^ ]*\)$/  {"\2", (void *) \&\2},/p'\'''
lt_cv_sys_global_symbol_to_c_name_address_lib_prefix='sed -n -e '\''s/^: \([^ ]*\)[ ]*$/  {\"\1\", (void *) 0},/p'\'' -e '\''s/^[ABCDGIRSTW]* \([^ ]*\) \(lib[^ ]*\)$/  {"\2", (void *) \&\2},/p'\'' -e '\''s/^[ABCDGIRSTW]* \([^ ]*\) \([^ ]*\)$/  {"lib\2", (void *) \&\2},/p'\'''
lt_cv_sys_global_symbol_to_cdecl='sed -n -e '\''s/^T .* \(.*\)$/extern int \1();/p'\'' -e '\''s/^[ABCDGIRSTW]* .* \(.*\)$/extern char \1;/p'\'''
lt_cv_sys_max_cmd_len=1572864
lt_cv_to_host_file_cmd=func_convert_file_noop
lt_cv_to_tool_file_cmd=func_convert_file_noop

## ----------------- ##
## Output variables. ##
## ----------------- ##

ACLOCAL='${SHELL} /home/artemis/github/gdrive/config/missing aclocal-1.15'
AMDEPBACKSLASH='\'
AMDEP_FALSE='#'
AMDEP_TRUE=''
AMTAR='$${TAR-tar}'
AM_BACKSLASH='\'
AM_DEFAULT_V='$(AM_DEFAULT_VERBOSITY)'
AM_DEFAULT_VERBOSITY='0'
AM_V='$(V)'
AR='ar'
AUTOCONF='${SHELL} /home/artemis/github/gdrive/config/missing autoconf'
AUTOHEADER='${SHELL} /home/artemis/github/gdrive/config/missing autoheader'
AUTOMAKE='${SHELL} /home/artemis/github/gdrive/config/missing automake-1.15'
AWK='gawk'
CC='gcc'
CCDEPMODE='depmode=gcc3'
CFLAGS='-g -O2'
CPP='gcc -E'
CPPFLAGS=''
CXX='g++'
CXXCPP='g++ -E'
CXXDEPMODE='depmode=gcc3'
CXXFLAGS='-g -O2'
CYGPATH_W='echo'
DEFS='-DHAVE_CONFIG_H'
DEPDIR='.deps'
DLLTOOL='false'
DSYMUTIL=''
DUMPBIN=''
ECHO_C=''
ECHO_N='-n'
ECHO_T=''
EGREP='/usr/bin/grep -E'
EXEEXT=''
FGREP='/usr/bin/grep -F'
GDFS_PATH='/opt/gdfs'
GREP='/usr/bin/grep'
INIT_D_PATH='/etc/init.d'
INSTALL_DATA='${INSTALL} -m 644'
INSTALL_PROGRAM='${INSTALL}'
INSTALL_SCRIPT='${INSTALL}'
INSTALL_STRIP_PROGRAM='$(install_sh) -c -s'
LD='/usr/x86_64-suse-linux/bin/ld -m elf_x86_64'
LDFLAGS=''
LIBOBJS=''
LIBS='-lfuse -lcurl '
LIBTOOL='$(SHELL) $(top_builddir)/libtool'
LIPO=''
LN_S='ln -s'
LTLIBOBJS=''
MAKEINFO='${SHELL} /home/artemis/github/gdrive/config/missing makeinfo'
MANIFEST_TOOL=':'
MKDIR_P='/usr/bin/mkdir -p'
NM='/usr/bin/nm -B'
NMEDIT=''
OBJDUMP='objdump'
OBJEXT='o'
OTOOL64=''
OTOOL=''
PACKAGE='gdfs'
PACKAGE_BUGREPORT='robinthomas2591@gmail.com'
PACKAGE_NAME='GDFS'
PACKAGE_STRING='GDFS 1.0.0'
PACKAGE_TARNAME='gdfs'
PACKAGE_URL=''
PACKAGE_VERSION='1.0.0'
PATH_SEPARATOR=':'
RANLIB='ranlib'
SED='/usr/bin/sed'
SET_MAKE=''
SHELL='/bin/sh'
STRIP='strip'
VERSION='1.0.0'
ac_ct_AR='ar'
ac_ct_CC='gcc'
ac_ct_CXX='g++'
ac_ct_DUMPBIN=''
am__EXEEXT_FALSE=''
am__EXEEXT_TRUE='#'
am__fastdepCC_FALSE='#'
am__fastdepCC_TRUE=''
am__fastdepCXX_FALSE='#'
am__fastdepCXX_TRUE=''
am__include='include'
am__isrc=''
am__leading_dot='.'
am__nodep='_no'
am__quote=''
am__tar='$${TAR-tar} chof - "$$tardir"'
am__untar='$${TAR-tar} xf -'
bindir='${exec_prefix}/bin'
build='x86_64-suse-linux-gnu'
build_alias=''
build_cpu='x86_64'
build_os='linux-gnu'
build_vendor='suse'
datadir='${datarootdir}'
datarootdir='${prefix}/share'
docdir='${datarootdir}/doc/${PACKAGE_TARNAME}'
dvidir='${docdir}'
exec_prefix='${prefix}'
host='x86_64-suse-linux-gnu'
host_alias=''
host_cpu='x86_64'
host_os='linux-gnu'
host_vendor='suse'
htmldir='${docdir}'
includedir='${prefix}/include'
infodir='${datarootdir}/info'
install_sh='${SHELL} /home/artemis/github/gdrive/config/install-sh'
libdir='${exec_prefix}/lib64'
libexecdir='${exec_prefix}/lib'
localedir='${datarootdir}/locale'
localstatedir='${prefix}/var'
mandir='${datarootdir}/man'
mkdir_p='$(MKDIR_P)'
oldincludedir='/usr/include'
pdfdir='${docdir}'
prefix='/usr/local'
program_transform_name='s,x,x,'
psdir='${docdir}'
sbindir='${exec_prefix}/sbin'
sharedstatedir='${prefix}/com'
sysconfdir='${prefix}/etc'
target='x86_64-suse-linux-gnu'
target_alias=''
target_cpu='x86_64'
target_os='linux-gnu'
target_vendor='suse'

## ----------- ##
## confdefs.h. ##
## ----------- ##

/* confdefs.h */
#define PACKAGE_NAME "GDFS"
#define PACKAGE_TARNAME "gdfs"
#define PACKAGE_VERSION "1.0.0"
#define PACKAGE_STRING "GDFS 1.0.0"
#define PACKAGE_BUGREPORT "robinthomas2591@gmail.com"
#define PACKAGE_URL ""
#define STDC_HEADERS 1
#define HAVE_SYS_TYPES_H 1
#define HAVE_SYS_STAT_H 1
#define HAVE_STDLIB_H 1
#define HAVE_STRING_H 1
#define HAVE_MEMORY_H 1
#define HAVE_STRINGS_H 1
#define HAVE_INTTYPES_H 1
#define HAVE_STDINT_H 1
#define HAVE_UNISTD_H 1
#define HAVE_DLFCN_H 1
#define LT_OBJDIR ".libs/"
#define PACKAGE "gdfs"
#define VERSION "1.0.0"
#define HAVE_LIBCURL 1
#define HAVE_LIBFUSE 1
#define STDC_HEADERS 1
#define HAVE_STDLIB_H 1
#define HAVE_STDBOOL_H 1
#define HAVE_STRUCT_STAT_ST_ATIM 1
#define HAVE_FORK 1

configure: exit 0
